<?xml version="1.0" encoding="UTF-8"?>
<robot generator="Robot 4.0.3 (Python 3.9.6 on win32)" generated="20211008 00:19:32.911" rpa="false" schemaversion="2">
<suite id="s1" name="Test Cases" source="C:\workspaceRobot\DesafioCompasso\test_cases">
<suite id="s1-s1" name="efetuarCompra" source="C:\workspaceRobot\DesafioCompasso\test_cases\efetuarCompra.robot">
<test id="s1-s1-t1" name="Cenario: Efetuar Compra Produto">
<kw name="Abrir navegador" library="resource" type="SETUP">
<kw name="Open Browser" library="SeleniumLibrary">
<arg>about:blank</arg>
<arg>${BROWSER}</arg>
<doc>Opens a new browser instance to the optional ``url``.</doc>
<msg timestamp="20211008 00:19:33.119" level="INFO">Opening browser 'chrome' to base url 'about:blank'.</msg>
<status status="PASS" starttime="20211008 00:19:33.118" endtime="20211008 00:19:34.466"/>
</kw>
<kw name="Maximize Browser Window" library="SeleniumLibrary">
<doc>Maximizes current browser window.</doc>
<status status="PASS" starttime="20211008 00:19:34.467" endtime="20211008 00:19:34.586"/>
</kw>
<status status="PASS" starttime="20211008 00:19:33.118" endtime="20211008 00:19:34.586"/>
</kw>
<kw name="Dado que eu esteja na tela principal do sistema" library="paginaPrincipal">
<kw name="Go To" library="SeleniumLibrary">
<arg>${HOME_URL}</arg>
<doc>Navigates the current browser window to the provided ``url``.</doc>
<msg timestamp="20211008 00:19:34.587" level="INFO">Opening url 'https://www.livelo.com.br/'</msg>
<status status="PASS" starttime="20211008 00:19:34.587" endtime="20211008 00:19:35.066"/>
</kw>
<kw name="Wait Until Page Contains Element" library="SeleniumLibrary">
<arg>${BOTAO_AUTORIZAR_COOKIES}</arg>
<arg>3s</arg>
<doc>Waits until the element ``locator`` appears on the current page.</doc>
<status status="PASS" starttime="20211008 00:19:35.066" endtime="20211008 00:19:37.260"/>
</kw>
<kw name="Click Element" library="SeleniumLibrary">
<arg>${BOTAO_AUTORIZAR_COOKIES}</arg>
<doc>Click the element identified by ``locator``.</doc>
<msg timestamp="20211008 00:19:37.260" level="INFO">Clicking element 'id=btn-authorizeCoookies'.</msg>
<status status="PASS" starttime="20211008 00:19:37.260" endtime="20211008 00:19:37.470"/>
</kw>
<kw name="Title Should Be" library="SeleniumLibrary">
<arg>Livelo | Programa de pontos que você troca por recompensas</arg>
<doc>Verifies that the current page title equals ``title``.</doc>
<msg timestamp="20211008 00:19:37.474" level="INFO">Page title is 'Livelo | Programa de pontos que você troca por recompensas'.</msg>
<status status="PASS" starttime="20211008 00:19:37.470" endtime="20211008 00:19:37.474"/>
</kw>
<status status="PASS" starttime="20211008 00:19:34.586" endtime="20211008 00:19:37.474"/>
</kw>
<kw name="Quando eu buscar por um produto especifico" library="paginaPrincipal">
<arg>"Wok Brinox Garlic Vermelho Antiaderente - 24cm"</arg>
<kw name="Set Test Variable" library="BuiltIn">
<arg>${PRODUTO}</arg>
<doc>Makes a variable available everywhere within the scope of the current test.</doc>
<msg timestamp="20211008 00:19:37.475" level="INFO">${PRODUTO} = "Wok Brinox Garlic Vermelho Antiaderente - 24cm"</msg>
<status status="PASS" starttime="20211008 00:19:37.475" endtime="20211008 00:19:37.475"/>
</kw>
<kw name="Wait Until Element Is Visible" library="SeleniumLibrary">
<arg>${INPUT_BUSCAR_PRODUTO}</arg>
<arg>3s</arg>
<doc>Waits until the element ``locator`` is visible.</doc>
<status status="PASS" starttime="20211008 00:19:37.475" endtime="20211008 00:19:37.498"/>
</kw>
<kw name="Input Text" library="SeleniumLibrary">
<arg>${INPUT_BUSCAR_PRODUTO}</arg>
<arg>${PRODUTO}</arg>
<doc>Types the given ``text`` into the text field identified by ``locator``.</doc>
<msg timestamp="20211008 00:19:37.498" level="INFO">Typing text '"Wok Brinox Garlic Vermelho Antiaderente - 24cm"' into text field 'id=input-search'.</msg>
<status status="PASS" starttime="20211008 00:19:37.498" endtime="20211008 00:19:37.642"/>
</kw>
<kw name="Sleep" library="BuiltIn">
<arg>5s</arg>
<doc>Pauses the test executed for the given time.</doc>
<msg timestamp="20211008 00:19:42.654" level="INFO">Slept 5 seconds</msg>
<status status="PASS" starttime="20211008 00:19:37.642" endtime="20211008 00:19:42.654"/>
</kw>
<kw name="Wait Until Element Is Visible" library="SeleniumLibrary">
<arg>${BOTAO_BUSCAR_PRODUTO}</arg>
<arg>3s</arg>
<doc>Waits until the element ``locator`` is visible.</doc>
<status status="PASS" starttime="20211008 00:19:42.654" endtime="20211008 00:19:42.676"/>
</kw>
<kw name="Click Element" library="SeleniumLibrary">
<arg>${BOTAO_BUSCAR_PRODUTO}</arg>
<doc>Click the element identified by ``locator``.</doc>
<msg timestamp="20211008 00:19:42.676" level="INFO">Clicking element 'id=span-searchIcon'.</msg>
<status status="PASS" starttime="20211008 00:19:42.676" endtime="20211008 00:19:42.766"/>
</kw>
<status status="PASS" starttime="20211008 00:19:37.475" endtime="20211008 00:19:42.766"/>
</kw>
<kw name="E validar o resutado da pesquisa" library="paginaProdutos">
<kw name="Wait Until Page Contains" library="SeleniumLibrary">
<arg>${PRODUTO}</arg>
<arg>3s</arg>
<doc>Waits until ``text`` appears on the current page.</doc>
<status status="PASS" starttime="20211008 00:19:42.766" endtime="20211008 00:19:42.823"/>
</kw>
<kw name="Page Should Contain" library="SeleniumLibrary">
<arg>${PRODUTO}</arg>
<doc>Verifies that current page contains ``text``.</doc>
<msg timestamp="20211008 00:19:42.849" level="INFO">Current page contains text '"Wok Brinox Garlic Vermelho Antiaderente - 24cm"'.</msg>
<status status="PASS" starttime="20211008 00:19:42.823" endtime="20211008 00:19:42.849"/>
</kw>
<status status="PASS" starttime="20211008 00:19:42.766" endtime="20211008 00:19:42.849"/>
</kw>
<kw name="E selecionar no produto especifico" library="paginaProdutos">
<kw name="Wait Until Page Contains Element" library="SeleniumLibrary">
<arg>${PRODUTO_ESPECIFICO}</arg>
<arg>3s</arg>
<doc>Waits until the element ``locator`` appears on the current page.</doc>
<status status="PASS" starttime="20211008 00:19:42.850" endtime="20211008 00:19:44.181"/>
</kw>
<kw name="Click Element" library="SeleniumLibrary">
<arg>${PRODUTO_ESPECIFICO}</arg>
<doc>Click the element identified by ``locator``.</doc>
<msg timestamp="20211008 00:19:44.182" level="INFO">Clicking element 'xpath=//div[@class='line-trunc'][contains(string(),'Wok Brinox Garlic Vermelho Antiaderente - 24cm')]'.</msg>
<status status="PASS" starttime="20211008 00:19:44.181" endtime="20211008 00:19:44.635"/>
</kw>
<status status="PASS" starttime="20211008 00:19:42.849" endtime="20211008 00:19:44.635"/>
</kw>
<kw name="E adicionar o produto no carrinho" library="paginaProdutoUnico">
<kw name="Wait Until Page Contains Element" library="SeleniumLibrary">
<arg>${ID_PRODUTO}</arg>
<arg>3s</arg>
<doc>Waits until the element ``locator`` appears on the current page.</doc>
<status status="PASS" starttime="20211008 00:19:44.636" endtime="20211008 00:19:45.957"/>
</kw>
<kw name="Page Should Contain" library="SeleniumLibrary">
<arg>LVL192024</arg>
<doc>Verifies that current page contains ``text``.</doc>
<msg timestamp="20211008 00:19:46.067" level="INFO">Current page contains text 'LVL192024'.</msg>
<status status="PASS" starttime="20211008 00:19:45.957" endtime="20211008 00:19:46.068"/>
</kw>
<kw name="Wait Until Element Is Visible" library="SeleniumLibrary">
<arg>${BOTAO_ADICIONAR_CARRINHO}</arg>
<arg>3s</arg>
<doc>Waits until the element ``locator`` is visible.</doc>
<status status="PASS" starttime="20211008 00:19:46.068" endtime="20211008 00:19:46.325"/>
</kw>
<kw name="Click Element" library="SeleniumLibrary">
<arg>${BOTAO_ADICIONAR_CARRINHO}</arg>
<doc>Click the element identified by ``locator``.</doc>
<msg timestamp="20211008 00:19:46.325" level="INFO">Clicking element 'id=cc-prodDetails-addToCart'.</msg>
<status status="PASS" starttime="20211008 00:19:46.325" endtime="20211008 00:19:46.398"/>
</kw>
<kw name="Wait Until Element Is Visible" library="SeleniumLibrary">
<arg>${BOTAO_NAO_QUERO_DESCONTO}</arg>
<arg>3s</arg>
<doc>Waits until the element ``locator`` is visible.</doc>
<status status="PASS" starttime="20211008 00:19:46.398" endtime="20211008 00:19:46.436"/>
</kw>
<kw name="Click Element" library="SeleniumLibrary">
<arg>${BOTAO_NAO_QUERO_DESCONTO}</arg>
<doc>Click the element identified by ``locator``.</doc>
<msg timestamp="20211008 00:19:46.437" level="INFO">Clicking element 'id=cc-prodDetails-refusePriceClubeDiscount'.</msg>
<status status="PASS" starttime="20211008 00:19:46.437" endtime="20211008 00:19:46.488"/>
</kw>
<status status="PASS" starttime="20211008 00:19:44.635" endtime="20211008 00:19:46.489"/>
</kw>
<kw name="E conferir o preço do produto" library="paginaCarrinho">
<kw name="Wait Until Page Contains" library="SeleniumLibrary">
<arg>Seu carrinho</arg>
<arg>3s</arg>
<doc>Waits until ``text`` appears on the current page.</doc>
<status status="PASS" starttime="20211008 00:19:46.489" endtime="20211008 00:19:47.498"/>
</kw>
<kw name="Wait Until Element Is Visible" library="SeleniumLibrary">
<arg>${TOTAL_CARRINHO}</arg>
<arg>3s</arg>
<doc>Waits until the element ``locator`` is visible.</doc>
<status status="PASS" starttime="20211008 00:19:47.499" endtime="20211008 00:19:47.728"/>
</kw>
<kw name="Page Should Contain" library="SeleniumLibrary">
<arg>2.300 pts</arg>
<doc>Verifies that current page contains ``text``.</doc>
<msg timestamp="20211008 00:19:47.743" level="INFO">Current page contains text '2.300 pts'.</msg>
<status status="PASS" starttime="20211008 00:19:47.728" endtime="20211008 00:19:47.743"/>
</kw>
<status status="PASS" starttime="20211008 00:19:46.489" endtime="20211008 00:19:47.743"/>
</kw>
<kw name="E clicar em fechar o pedido" library="paginaCarrinho">
<kw name="Wait Until Element Is Visible" library="SeleniumLibrary">
<arg>${BOTAO_FECHAR_CARRINHO}</arg>
<arg>3s</arg>
<doc>Waits until the element ``locator`` is visible.</doc>
<status status="PASS" starttime="20211008 00:19:47.744" endtime="20211008 00:19:47.758"/>
</kw>
<kw name="Click Button" library="SeleniumLibrary">
<arg>${BOTAO_FECHAR_CARRINHO}</arg>
<doc>Clicks the button identified by ``locator``.</doc>
<msg timestamp="20211008 00:19:47.758" level="INFO">Clicking button 'id=ctaCheckout'.</msg>
<status status="PASS" starttime="20211008 00:19:47.758" endtime="20211008 00:19:48.072"/>
</kw>
<status status="PASS" starttime="20211008 00:19:47.744" endtime="20211008 00:19:48.072"/>
</kw>
<kw name="Entao devo visualizar a mensagem" library="paginaCheckoutLogin">
<arg>Olá! Que bom te ver por aqui! :)</arg>
<kw name="Wait Until Page Contains" library="SeleniumLibrary">
<arg>${MENSAGEM_SISTEMA}</arg>
<arg>3s</arg>
<doc>Waits until ``text`` appears on the current page.</doc>
<status status="PASS" starttime="20211008 00:19:48.073" endtime="20211008 00:19:49.936"/>
</kw>
<kw name="Sleep" library="BuiltIn">
<arg>1s</arg>
<doc>Pauses the test executed for the given time.</doc>
<msg timestamp="20211008 00:19:50.950" level="INFO">Slept 1 second</msg>
<status status="PASS" starttime="20211008 00:19:49.936" endtime="20211008 00:19:50.950"/>
</kw>
<status status="PASS" starttime="20211008 00:19:48.073" endtime="20211008 00:19:50.950"/>
</kw>
<kw name="Fechar navegador" library="resource" type="TEARDOWN">
<kw name="Close Browser" library="SeleniumLibrary">
<doc>Closes the current browser.</doc>
<status status="PASS" starttime="20211008 00:19:50.951" endtime="20211008 00:19:53.117"/>
</kw>
<status status="PASS" starttime="20211008 00:19:50.951" endtime="20211008 00:19:53.117"/>
</kw>
<status status="PASS" starttime="20211008 00:19:33.117" endtime="20211008 00:19:53.118"/>
</test>
<status status="PASS" starttime="20211008 00:19:32.936" endtime="20211008 00:19:53.119"/>
</suite>
<status status="PASS" starttime="20211008 00:19:32.912" endtime="20211008 00:19:53.120"/>
</suite>
<statistics>
<total>
<stat pass="1" fail="0" skip="0">All Tests</stat>
</total>
<tag>
</tag>
<suite>
<stat pass="1" fail="0" skip="0" id="s1" name="Test Cases">Test Cases</stat>
<stat pass="1" fail="0" skip="0" id="s1-s1" name="efetuarCompra">Test Cases.efetuarCompra</stat>
</suite>
</statistics>
<errors>
</errors>
</robot>
